0 info it worked if it ends with ok
1 verbose cli [ 'node', '/usr/local/bin/npm', 'shrinkwrap' ]
2 info using npm@1.2.32
3 info using node@v0.10.12
4 verbose read json /Users/hat/Desktop/Jimbo/package.json
5 warn package.json Jimbo@1.0.0 No repository field.
6 verbose read json /Users/hat/Desktop/Jimbo/node_modules/acorn/package.json
7 verbose read json /Users/hat/Desktop/Jimbo/node_modules/connect/package.json
8 verbose read json /Users/hat/Desktop/Jimbo/node_modules/express/package.json
9 verbose read json /Users/hat/Desktop/Jimbo/node_modules/hat/package.json
10 verbose read json /Users/hat/Desktop/Jimbo/node_modules/jade/package.json
11 verbose read json /Users/hat/Desktop/Jimbo/node_modules/mongodb/package.json
12 verbose read json /Users/hat/Desktop/Jimbo/node_modules/redis/package.json
13 verbose read json /Users/hat/Desktop/Jimbo/node_modules/share/package.json
14 verbose read json /Users/hat/Desktop/Jimbo/node_modules/stylus/package.json
15 verbose read json /Users/hat/Desktop/Jimbo/node_modules/connect/node_modules/buffer-crc32/package.json
16 verbose read json /Users/hat/Desktop/Jimbo/node_modules/connect/node_modules/bytes/package.json
17 verbose read json /Users/hat/Desktop/Jimbo/node_modules/connect/node_modules/cookie/package.json
18 verbose read json /Users/hat/Desktop/Jimbo/node_modules/connect/node_modules/cookie-signature/package.json
19 verbose read json /Users/hat/Desktop/Jimbo/node_modules/connect/node_modules/debug/package.json
20 verbose read json /Users/hat/Desktop/Jimbo/node_modules/connect/node_modules/formidable/package.json
21 verbose read json /Users/hat/Desktop/Jimbo/node_modules/connect/node_modules/fresh/package.json
22 verbose read json /Users/hat/Desktop/Jimbo/node_modules/connect/node_modules/pause/package.json
23 verbose read json /Users/hat/Desktop/Jimbo/node_modules/connect/node_modules/qs/package.json
24 verbose read json /Users/hat/Desktop/Jimbo/node_modules/connect/node_modules/send/package.json
25 verbose read json /Users/hat/Desktop/Jimbo/node_modules/express/node_modules/buffer-crc32/package.json
26 verbose read json /Users/hat/Desktop/Jimbo/node_modules/express/node_modules/commander/package.json
27 verbose read json /Users/hat/Desktop/Jimbo/node_modules/express/node_modules/cookie/package.json
28 verbose read json /Users/hat/Desktop/Jimbo/node_modules/express/node_modules/cookie-signature/package.json
29 verbose read json /Users/hat/Desktop/Jimbo/node_modules/express/node_modules/debug/package.json
30 verbose read json /Users/hat/Desktop/Jimbo/node_modules/express/node_modules/fresh/package.json
31 verbose read json /Users/hat/Desktop/Jimbo/node_modules/express/node_modules/methods/package.json
32 verbose read json /Users/hat/Desktop/Jimbo/node_modules/express/node_modules/mkdirp/package.json
33 verbose read json /Users/hat/Desktop/Jimbo/node_modules/express/node_modules/qs/package.json
34 verbose read json /Users/hat/Desktop/Jimbo/node_modules/express/node_modules/range-parser/package.json
35 verbose read json /Users/hat/Desktop/Jimbo/node_modules/express/node_modules/send/package.json
36 verbose read json /Users/hat/Desktop/Jimbo/node_modules/jade/node_modules/character-parser/package.json
37 verbose read json /Users/hat/Desktop/Jimbo/node_modules/jade/node_modules/commander/package.json
38 verbose read json /Users/hat/Desktop/Jimbo/node_modules/jade/node_modules/mkdirp/package.json
39 verbose read json /Users/hat/Desktop/Jimbo/node_modules/jade/node_modules/monocle/package.json
40 verbose read json /Users/hat/Desktop/Jimbo/node_modules/jade/node_modules/transformers/package.json
41 verbose read json /Users/hat/Desktop/Jimbo/node_modules/mongodb/node_modules/bson/package.json
42 verbose read json /Users/hat/Desktop/Jimbo/node_modules/mongodb/node_modules/kerberos/package.json
43 verbose read json /Users/hat/Desktop/Jimbo/node_modules/share/node_modules/browserchannel/package.json
44 verbose read json /Users/hat/Desktop/Jimbo/node_modules/share/node_modules/coffee-script/package.json
45 verbose read json /Users/hat/Desktop/Jimbo/node_modules/share/node_modules/connect/package.json
46 verbose read json /Users/hat/Desktop/Jimbo/node_modules/share/node_modules/express/package.json
47 verbose read json /Users/hat/Desktop/Jimbo/node_modules/share/node_modules/hat/package.json
48 verbose read json /Users/hat/Desktop/Jimbo/node_modules/share/node_modules/nodeunit/package.json
49 verbose read json /Users/hat/Desktop/Jimbo/node_modules/share/node_modules/optimist/package.json
50 verbose read json /Users/hat/Desktop/Jimbo/node_modules/share/node_modules/request/package.json
51 verbose read json /Users/hat/Desktop/Jimbo/node_modules/share/node_modules/shelljs/package.json
52 verbose read json /Users/hat/Desktop/Jimbo/node_modules/share/node_modules/socket.io/package.json
53 verbose read json /Users/hat/Desktop/Jimbo/node_modules/share/node_modules/socket.io-client/package.json
54 verbose read json /Users/hat/Desktop/Jimbo/node_modules/share/node_modules/sockjs/package.json
55 verbose read json /Users/hat/Desktop/Jimbo/node_modules/share/node_modules/uglify-js/package.json
56 verbose read json /Users/hat/Desktop/Jimbo/node_modules/share/node_modules/websocket/package.json
57 verbose read json /Users/hat/Desktop/Jimbo/node_modules/share/node_modules/ws/package.json
58 verbose read json /Users/hat/Desktop/Jimbo/node_modules/stylus/node_modules/cssom/package.json
59 verbose read json /Users/hat/Desktop/Jimbo/node_modules/stylus/node_modules/debug/package.json
60 verbose read json /Users/hat/Desktop/Jimbo/node_modules/stylus/node_modules/mkdirp/package.json
61 warn package.json bytes@0.2.0 No repository field.
62 warn package.json cookie-signature@1.0.1 No repository field.
63 warn package.json fresh@0.1.0 No repository field.
64 warn package.json pause@0.0.1 No repository field.
65 warn package.json send@0.1.0 No repository field.
66 warn package.json methods@0.0.1 No repository field.
67 warn package.json range-parser@0.0.4 No repository field.
68 warn package.json monocle@0.1.47 No repository field.
69 verbose read json /Users/hat/Desktop/Jimbo/node_modules/connect/node_modules/send/node_modules/mime/package.json
70 verbose read json /Users/hat/Desktop/Jimbo/node_modules/connect/node_modules/send/node_modules/range-parser/package.json
71 verbose read json /Users/hat/Desktop/Jimbo/node_modules/express/node_modules/send/node_modules/mime/package.json
72 verbose read json /Users/hat/Desktop/Jimbo/node_modules/jade/node_modules/commander/node_modules/keypress/package.json
73 verbose read json /Users/hat/Desktop/Jimbo/node_modules/jade/node_modules/monocle/node_modules/readdirp/package.json
74 verbose read json /Users/hat/Desktop/Jimbo/node_modules/jade/node_modules/transformers/node_modules/css/package.json
75 verbose read json /Users/hat/Desktop/Jimbo/node_modules/jade/node_modules/transformers/node_modules/promise/package.json
76 verbose read json /Users/hat/Desktop/Jimbo/node_modules/jade/node_modules/transformers/node_modules/uglify-js/package.json
77 verbose read json /Users/hat/Desktop/Jimbo/node_modules/share/node_modules/browserchannel/node_modules/timerstub/package.json
78 verbose read json /Users/hat/Desktop/Jimbo/node_modules/share/node_modules/connect/node_modules/buffer-crc32/package.json
79 verbose read json /Users/hat/Desktop/Jimbo/node_modules/share/node_modules/connect/node_modules/bytes/package.json
80 verbose read json /Users/hat/Desktop/Jimbo/node_modules/share/node_modules/connect/node_modules/cookie/package.json
81 verbose read json /Users/hat/Desktop/Jimbo/node_modules/share/node_modules/connect/node_modules/cookie-signature/package.json
82 verbose read json /Users/hat/Desktop/Jimbo/node_modules/share/node_modules/connect/node_modules/debug/package.json
83 verbose read json /Users/hat/Desktop/Jimbo/node_modules/share/node_modules/connect/node_modules/formidable/package.json
84 verbose read json /Users/hat/Desktop/Jimbo/node_modules/share/node_modules/connect/node_modules/fresh/package.json
85 verbose read json /Users/hat/Desktop/Jimbo/node_modules/share/node_modules/connect/node_modules/pause/package.json
86 verbose read json /Users/hat/Desktop/Jimbo/node_modules/share/node_modules/connect/node_modules/qs/package.json
87 verbose read json /Users/hat/Desktop/Jimbo/node_modules/share/node_modules/connect/node_modules/send/package.json
88 verbose read json /Users/hat/Desktop/Jimbo/node_modules/share/node_modules/express/node_modules/buffer-crc32/package.json
89 verbose read json /Users/hat/Desktop/Jimbo/node_modules/share/node_modules/express/node_modules/commander/package.json
90 verbose read json /Users/hat/Desktop/Jimbo/node_modules/share/node_modules/express/node_modules/cookie/package.json
91 verbose read json /Users/hat/Desktop/Jimbo/node_modules/share/node_modules/express/node_modules/cookie-signature/package.json
92 verbose read json /Users/hat/Desktop/Jimbo/node_modules/share/node_modules/express/node_modules/debug/package.json
93 verbose read json /Users/hat/Desktop/Jimbo/node_modules/share/node_modules/express/node_modules/fresh/package.json
94 verbose read json /Users/hat/Desktop/Jimbo/node_modules/share/node_modules/express/node_modules/methods/package.json
95 verbose read json /Users/hat/Desktop/Jimbo/node_modules/share/node_modules/express/node_modules/mkdirp/package.json
96 verbose read json /Users/hat/Desktop/Jimbo/node_modules/share/node_modules/express/node_modules/qs/package.json
97 verbose read json /Users/hat/Desktop/Jimbo/node_modules/share/node_modules/express/node_modules/range-parser/package.json
98 verbose read json /Users/hat/Desktop/Jimbo/node_modules/share/node_modules/express/node_modules/send/package.json
99 verbose read json /Users/hat/Desktop/Jimbo/node_modules/share/node_modules/nodeunit/node_modules/tap/package.json
100 verbose read json /Users/hat/Desktop/Jimbo/node_modules/share/node_modules/optimist/node_modules/wordwrap/package.json
101 verbose read json /Users/hat/Desktop/Jimbo/node_modules/share/node_modules/request/node_modules/aws-sign/package.json
102 verbose read json /Users/hat/Desktop/Jimbo/node_modules/share/node_modules/request/node_modules/cookie-jar/package.json
103 verbose read json /Users/hat/Desktop/Jimbo/node_modules/share/node_modules/request/node_modules/forever-agent/package.json
104 verbose read json /Users/hat/Desktop/Jimbo/node_modules/share/node_modules/request/node_modules/form-data/package.json
105 verbose read json /Users/hat/Desktop/Jimbo/node_modules/share/node_modules/request/node_modules/hawk/package.json
106 verbose read json /Users/hat/Desktop/Jimbo/node_modules/share/node_modules/request/node_modules/http-signature/package.json
107 verbose read json /Users/hat/Desktop/Jimbo/node_modules/share/node_modules/request/node_modules/json-stringify-safe/package.json
108 verbose read json /Users/hat/Desktop/Jimbo/node_modules/share/node_modules/request/node_modules/mime/package.json
109 verbose read json /Users/hat/Desktop/Jimbo/node_modules/share/node_modules/request/node_modules/node-uuid/package.json
110 verbose read json /Users/hat/Desktop/Jimbo/node_modules/share/node_modules/request/node_modules/oauth-sign/package.json
111 verbose read json /Users/hat/Desktop/Jimbo/node_modules/share/node_modules/request/node_modules/qs/package.json
112 verbose read json /Users/hat/Desktop/Jimbo/node_modules/share/node_modules/request/node_modules/tunnel-agent/package.json
113 verbose read json /Users/hat/Desktop/Jimbo/node_modules/share/node_modules/shelljs/node_modules/jshint/package.json
114 verbose read json /Users/hat/Desktop/Jimbo/node_modules/share/node_modules/socket.io/node_modules/policyfile/package.json
115 verbose read json /Users/hat/Desktop/Jimbo/node_modules/share/node_modules/socket.io/node_modules/redis/package.json
116 verbose read json /Users/hat/Desktop/Jimbo/node_modules/share/node_modules/socket.io-client/node_modules/uglify-js/package.json
117 verbose read json /Users/hat/Desktop/Jimbo/node_modules/share/node_modules/socket.io-client/node_modules/websocket-client/package.json
118 verbose read json /Users/hat/Desktop/Jimbo/node_modules/share/node_modules/socket.io-client/node_modules/xmlhttprequest/package.json
119 verbose read json /Users/hat/Desktop/Jimbo/node_modules/share/node_modules/sockjs/node_modules/faye-websocket/package.json
120 verbose read json /Users/hat/Desktop/Jimbo/node_modules/share/node_modules/sockjs/node_modules/node-uuid/package.json
121 verbose read json /Users/hat/Desktop/Jimbo/node_modules/share/node_modules/ws/node_modules/commander/package.json
122 verbose read json /Users/hat/Desktop/Jimbo/node_modules/share/node_modules/ws/node_modules/options/package.json
123 verbose read json /Users/hat/Desktop/Jimbo/node_modules/share/node_modules/ws/node_modules/tinycolor/package.json
124 warn package.json css@1.0.8 No repository field.
125 warn package.json uglify-js@2.2.5 No repository field.
126 warn package.json uglify-js@2.2.5 'repositories' (plural) Not supported.
126 warn package.json Please pick one as the 'repository' field
127 warn package.json jshint@1.1.0 No repository field.
128 warn package.json policyfile@0.0.4 No repository field.
129 warn package.json policyfile@0.0.4 'repositories' (plural) Not supported.
129 warn package.json Please pick one as the 'repository' field
130 warn package.json websocket-client@1.0.0 No repository field.
131 warn package.json websocket-client@1.0.0 'repositories' (plural) Not supported.
131 warn package.json Please pick one as the 'repository' field
132 warn package.json faye-websocket@0.4.4 No repository field.
133 warn package.json faye-websocket@0.4.4 'repositories' (plural) Not supported.
133 warn package.json Please pick one as the 'repository' field
134 verbose read json /Users/hat/Desktop/Jimbo/node_modules/jade/node_modules/monocle/node_modules/readdirp/node_modules/minimatch/package.json
135 verbose read json /Users/hat/Desktop/Jimbo/node_modules/jade/node_modules/transformers/node_modules/css/node_modules/css-parse/package.json
136 verbose read json /Users/hat/Desktop/Jimbo/node_modules/jade/node_modules/transformers/node_modules/css/node_modules/css-stringify/package.json
137 verbose read json /Users/hat/Desktop/Jimbo/node_modules/jade/node_modules/transformers/node_modules/promise/node_modules/is-promise/package.json
138 verbose read json /Users/hat/Desktop/Jimbo/node_modules/jade/node_modules/transformers/node_modules/uglify-js/node_modules/optimist/package.json
139 verbose read json /Users/hat/Desktop/Jimbo/node_modules/jade/node_modules/transformers/node_modules/uglify-js/node_modules/source-map/package.json
140 verbose read json /Users/hat/Desktop/Jimbo/node_modules/share/node_modules/connect/node_modules/send/node_modules/mime/package.json
141 verbose read json /Users/hat/Desktop/Jimbo/node_modules/share/node_modules/connect/node_modules/send/node_modules/range-parser/package.json
142 verbose read json /Users/hat/Desktop/Jimbo/node_modules/share/node_modules/express/node_modules/send/node_modules/mime/package.json
143 verbose read json /Users/hat/Desktop/Jimbo/node_modules/share/node_modules/nodeunit/node_modules/tap/node_modules/buffer-equal/package.json
144 verbose read json /Users/hat/Desktop/Jimbo/node_modules/share/node_modules/nodeunit/node_modules/tap/node_modules/deep-equal/package.json
145 verbose read json /Users/hat/Desktop/Jimbo/node_modules/share/node_modules/nodeunit/node_modules/tap/node_modules/difflet/package.json
146 verbose read json /Users/hat/Desktop/Jimbo/node_modules/share/node_modules/nodeunit/node_modules/tap/node_modules/glob/package.json
147 verbose read json /Users/hat/Desktop/Jimbo/node_modules/share/node_modules/nodeunit/node_modules/tap/node_modules/inherits/package.json
148 verbose read json /Users/hat/Desktop/Jimbo/node_modules/share/node_modules/nodeunit/node_modules/tap/node_modules/mkdirp/package.json
149 verbose read json /Users/hat/Desktop/Jimbo/node_modules/share/node_modules/nodeunit/node_modules/tap/node_modules/nopt/package.json
150 verbose read json /Users/hat/Desktop/Jimbo/node_modules/share/node_modules/nodeunit/node_modules/tap/node_modules/runforcover/package.json
151 verbose read json /Users/hat/Desktop/Jimbo/node_modules/share/node_modules/nodeunit/node_modules/tap/node_modules/slide/package.json
152 verbose read json /Users/hat/Desktop/Jimbo/node_modules/share/node_modules/nodeunit/node_modules/tap/node_modules/yamlish/package.json
153 verbose read json /Users/hat/Desktop/Jimbo/node_modules/share/node_modules/request/node_modules/form-data/node_modules/async/package.json
154 verbose read json /Users/hat/Desktop/Jimbo/node_modules/share/node_modules/request/node_modules/form-data/node_modules/combined-stream/package.json
155 verbose read json /Users/hat/Desktop/Jimbo/node_modules/share/node_modules/request/node_modules/hawk/node_modules/boom/package.json
156 verbose read json /Users/hat/Desktop/Jimbo/node_modules/share/node_modules/request/node_modules/hawk/node_modules/cryptiles/package.json
157 verbose read json /Users/hat/Desktop/Jimbo/node_modules/share/node_modules/request/node_modules/hawk/node_modules/hoek/package.json
158 verbose read json /Users/hat/Desktop/Jimbo/node_modules/share/node_modules/request/node_modules/hawk/node_modules/sntp/package.json
159 verbose read json /Users/hat/Desktop/Jimbo/node_modules/share/node_modules/request/node_modules/http-signature/node_modules/asn1/package.json
160 verbose read json /Users/hat/Desktop/Jimbo/node_modules/share/node_modules/request/node_modules/http-signature/node_modules/assert-plus/package.json
161 verbose read json /Users/hat/Desktop/Jimbo/node_modules/share/node_modules/request/node_modules/http-signature/node_modules/ctype/package.json
162 verbose read json /Users/hat/Desktop/Jimbo/node_modules/share/node_modules/shelljs/node_modules/jshint/node_modules/cli/package.json
163 verbose read json /Users/hat/Desktop/Jimbo/node_modules/share/node_modules/shelljs/node_modules/jshint/node_modules/esprima/package.json
164 verbose read json /Users/hat/Desktop/Jimbo/node_modules/share/node_modules/shelljs/node_modules/jshint/node_modules/minimatch/package.json
165 verbose read json /Users/hat/Desktop/Jimbo/node_modules/share/node_modules/shelljs/node_modules/jshint/node_modules/peakle/package.json
166 verbose read json /Users/hat/Desktop/Jimbo/node_modules/share/node_modules/shelljs/node_modules/jshint/node_modules/underscore/package.json
167 warn package.json css-parse@1.0.4 No repository field.
168 warn package.json css-stringify@1.0.5 No repository field.
169 warn package.json assert-plus@0.1.2 No repository field.
170 warn package.json ctype@0.5.2 No repository field.
171 warn package.json peakle@0.0.1 No repository field.
172 verbose read json /Users/hat/Desktop/Jimbo/node_modules/jade/node_modules/monocle/node_modules/readdirp/node_modules/minimatch/node_modules/lru-cache/package.json
173 verbose read json /Users/hat/Desktop/Jimbo/node_modules/jade/node_modules/monocle/node_modules/readdirp/node_modules/minimatch/node_modules/sigmund/package.json
174 verbose read json /Users/hat/Desktop/Jimbo/node_modules/jade/node_modules/transformers/node_modules/uglify-js/node_modules/optimist/node_modules/wordwrap/package.json
175 verbose read json /Users/hat/Desktop/Jimbo/node_modules/jade/node_modules/transformers/node_modules/uglify-js/node_modules/source-map/node_modules/amdefine/package.json
176 verbose read json /Users/hat/Desktop/Jimbo/node_modules/share/node_modules/nodeunit/node_modules/tap/node_modules/difflet/node_modules/charm/package.json
177 verbose read json /Users/hat/Desktop/Jimbo/node_modules/share/node_modules/nodeunit/node_modules/tap/node_modules/difflet/node_modules/deep-is/package.json
178 verbose read json /Users/hat/Desktop/Jimbo/node_modules/share/node_modules/nodeunit/node_modules/tap/node_modules/difflet/node_modules/traverse/package.json
179 verbose read json /Users/hat/Desktop/Jimbo/node_modules/share/node_modules/nodeunit/node_modules/tap/node_modules/glob/node_modules/graceful-fs/package.json
180 verbose read json /Users/hat/Desktop/Jimbo/node_modules/share/node_modules/nodeunit/node_modules/tap/node_modules/glob/node_modules/inherits/package.json
181 verbose read json /Users/hat/Desktop/Jimbo/node_modules/share/node_modules/nodeunit/node_modules/tap/node_modules/glob/node_modules/minimatch/package.json
182 verbose read json /Users/hat/Desktop/Jimbo/node_modules/share/node_modules/nodeunit/node_modules/tap/node_modules/nopt/node_modules/abbrev/package.json
183 verbose read json /Users/hat/Desktop/Jimbo/node_modules/share/node_modules/nodeunit/node_modules/tap/node_modules/runforcover/node_modules/bunker/package.json
184 verbose read json /Users/hat/Desktop/Jimbo/node_modules/share/node_modules/request/node_modules/form-data/node_modules/combined-stream/node_modules/delayed-stream/package.json
185 verbose read json /Users/hat/Desktop/Jimbo/node_modules/share/node_modules/shelljs/node_modules/jshint/node_modules/cli/node_modules/glob/package.json
186 verbose read json /Users/hat/Desktop/Jimbo/node_modules/share/node_modules/shelljs/node_modules/jshint/node_modules/minimatch/node_modules/lru-cache/package.json
187 verbose read json /Users/hat/Desktop/Jimbo/node_modules/share/node_modules/shelljs/node_modules/jshint/node_modules/minimatch/node_modules/sigmund/package.json
188 warn package.json amdefine@0.0.4 No repository field.
189 verbose read json /Users/hat/Desktop/Jimbo/node_modules/share/node_modules/nodeunit/node_modules/tap/node_modules/glob/node_modules/minimatch/node_modules/lru-cache/package.json
190 verbose read json /Users/hat/Desktop/Jimbo/node_modules/share/node_modules/nodeunit/node_modules/tap/node_modules/glob/node_modules/minimatch/node_modules/sigmund/package.json
191 verbose read json /Users/hat/Desktop/Jimbo/node_modules/share/node_modules/nodeunit/node_modules/tap/node_modules/runforcover/node_modules/bunker/node_modules/burrito/package.json
192 verbose read json /Users/hat/Desktop/Jimbo/node_modules/share/node_modules/shelljs/node_modules/jshint/node_modules/cli/node_modules/glob/node_modules/graceful-fs/package.json
193 verbose read json /Users/hat/Desktop/Jimbo/node_modules/share/node_modules/shelljs/node_modules/jshint/node_modules/cli/node_modules/glob/node_modules/inherits/package.json
194 verbose read json /Users/hat/Desktop/Jimbo/node_modules/share/node_modules/nodeunit/node_modules/tap/node_modules/runforcover/node_modules/bunker/node_modules/burrito/node_modules/traverse/package.json
195 verbose read json /Users/hat/Desktop/Jimbo/node_modules/share/node_modules/nodeunit/node_modules/tap/node_modules/runforcover/node_modules/bunker/node_modules/burrito/node_modules/uglify-js/package.json
196 verbose readInstalled returning share@0.6.2
197 verbose readInstalled returning connect@2.7.7
198 verbose readInstalled returning express@3.2.1
199 verbose readInstalled returning mongodb@1.3.10
200 verbose readInstalled returning jade@0.30.0
201 verbose readInstalled returning stylus@0.32.1
202 verbose readInstalled returning hat@0.0.3
203 verbose readInstalled returning undefined
204 verbose readInstalled returning acorn@0.3.1
205 verbose readInstalled returning redis@0.8.3
206 verbose readInstalled returning sockjs@0.3.7
207 verbose readInstalled returning socket.io@0.8.7
208 verbose readInstalled returning socket.io-client@0.8.7
209 verbose readInstalled returning browserchannel@1.0.2
210 verbose readInstalled returning ws@0.4.25
211 verbose readInstalled returning connect@2.7.8
212 verbose readInstalled returning request@2.21.0
213 verbose readInstalled returning coffee-script@1.6.2
214 verbose readInstalled returning hat@0.0.3
215 verbose readInstalled returning uglify-js@1.3.4
216 verbose readInstalled returning websocket@1.0.8
217 verbose readInstalled returning optimist@0.4.0
218 verbose readInstalled returning express@3.2.2
219 verbose readInstalled returning shelljs@0.1.3
220 verbose readInstalled returning nodeunit@0.8.0
221 verbose readInstalled returning node-uuid@1.3.3
222 verbose readInstalled returning faye-websocket@0.4.4
223 verbose readInstalled returning policyfile@0.0.4
224 verbose readInstalled returning redis@0.6.7
225 verbose readInstalled returning uglify-js@1.0.6
226 verbose readInstalled returning websocket-client@1.0.0
227 verbose readInstalled returning xmlhttprequest@1.2.2
228 verbose readInstalled returning timerstub@1.0.1
229 verbose readInstalled returning qs@0.6.3
230 verbose readInstalled returning formidable@1.0.13
231 verbose readInstalled returning cookie-signature@1.0.1
232 verbose readInstalled returning buffer-crc32@0.2.1
233 verbose readInstalled returning cookie@0.0.5
234 verbose readInstalled returning send@0.1.0
235 verbose readInstalled returning bytes@0.2.0
236 verbose readInstalled returning fresh@0.1.0
237 verbose readInstalled returning pause@0.0.1
238 verbose readInstalled returning debug@0.7.2
239 verbose readInstalled returning mime@1.2.6
240 verbose readInstalled returning range-parser@0.0.4
241 verbose readInstalled returning qs@0.6.1
242 verbose readInstalled returning json-stringify-safe@4.0.0
243 verbose readInstalled returning forever-agent@0.5.0
244 verbose readInstalled returning tunnel-agent@0.3.0
245 verbose readInstalled returning http-signature@0.9.11
246 verbose readInstalled returning hawk@0.13.1
247 verbose readInstalled returning aws-sign@0.3.0
248 verbose readInstalled returning oauth-sign@0.3.0
249 verbose readInstalled returning cookie-jar@0.3.0
250 verbose readInstalled returning node-uuid@1.4.0
251 verbose readInstalled returning mime@1.2.9
252 verbose readInstalled returning form-data@0.0.8
253 verbose readInstalled returning assert-plus@0.1.2
254 verbose readInstalled returning asn1@0.1.11
255 verbose readInstalled returning ctype@0.5.2
256 verbose readInstalled returning hoek@0.8.4
257 verbose readInstalled returning boom@0.4.1
258 verbose readInstalled returning cryptiles@0.2.1
259 verbose readInstalled returning sntp@0.2.2
260 verbose readInstalled returning combined-stream@0.0.4
261 verbose readInstalled returning async@0.2.8
262 verbose readInstalled returning delayed-stream@0.0.5
263 verbose readInstalled returning commander@0.6.1
264 verbose readInstalled returning tinycolor@0.0.1
265 verbose readInstalled returning options@0.0.5
266 verbose readInstalled returning wordwrap@0.0.2
267 verbose readInstalled returning commander@0.6.1
268 verbose readInstalled returning range-parser@0.0.4
269 verbose readInstalled returning mkdirp@0.3.4
270 verbose readInstalled returning cookie@0.0.5
271 verbose readInstalled returning buffer-crc32@0.2.1
272 verbose readInstalled returning fresh@0.1.0
273 verbose readInstalled returning methods@0.0.1
274 verbose readInstalled returning send@0.1.0
275 verbose readInstalled returning cookie-signature@1.0.1
276 verbose readInstalled returning debug@0.7.2
277 verbose readInstalled returning qs@0.6.3
278 verbose readInstalled returning mime@1.2.6
279 verbose readInstalled returning jshint@1.1.0
280 verbose readInstalled returning esprima@1.1.0-dev
281 verbose readInstalled returning underscore@1.4.4
282 verbose readInstalled returning peakle@0.0.1
283 verbose readInstalled returning cli@0.4.4-2
284 verbose readInstalled returning minimatch@0.2.12
285 verbose readInstalled returning glob@3.2.1
286 verbose readInstalled returning graceful-fs@1.2.1
287 verbose readInstalled returning inherits@1.0.0
288 verbose readInstalled returning lru-cache@2.3.0
289 verbose readInstalled returning sigmund@1.0.0
290 verbose readInstalled returning tap@0.4.2
291 verbose readInstalled returning inherits@1.0.0
292 verbose readInstalled returning yamlish@0.0.5
293 verbose readInstalled returning slide@1.1.4
294 verbose readInstalled returning runforcover@0.0.2
295 verbose readInstalled returning nopt@2.1.1
296 verbose readInstalled returning mkdirp@0.3.5
297 verbose readInstalled returning difflet@0.2.5
298 verbose readInstalled returning deep-equal@0.0.0
299 verbose readInstalled returning buffer-equal@0.0.0
300 verbose readInstalled returning glob@3.2.1
301 verbose readInstalled returning bunker@0.1.2
302 verbose readInstalled returning burrito@0.2.12
303 verbose readInstalled returning traverse@0.5.2
304 verbose readInstalled returning uglify-js@1.1.1
305 verbose readInstalled returning abbrev@1.0.4
306 verbose readInstalled returning traverse@0.6.3
307 verbose readInstalled returning charm@0.0.8
308 verbose readInstalled returning deep-is@0.1.1
309 verbose readInstalled returning minimatch@0.2.12
310 verbose readInstalled returning graceful-fs@1.2.1
311 verbose readInstalled returning inherits@1.0.0
312 verbose readInstalled returning lru-cache@2.3.0
313 verbose readInstalled returning sigmund@1.0.0
314 verbose readInstalled returning qs@0.6.1
315 verbose readInstalled returning formidable@1.0.13
316 verbose readInstalled returning cookie-signature@1.0.1
317 verbose readInstalled returning buffer-crc32@0.2.1
318 verbose readInstalled returning cookie@0.0.5
319 verbose readInstalled returning send@0.1.0
320 verbose readInstalled returning bytes@0.2.0
321 verbose readInstalled returning fresh@0.1.0
322 verbose readInstalled returning pause@0.0.1
323 verbose readInstalled returning debug@0.7.2
324 verbose readInstalled returning mime@1.2.6
325 verbose readInstalled returning range-parser@0.0.4
326 verbose readInstalled returning commander@0.6.1
327 verbose readInstalled returning range-parser@0.0.4
328 verbose readInstalled returning mkdirp@0.3.4
329 verbose readInstalled returning cookie@0.0.5
330 verbose readInstalled returning buffer-crc32@0.2.1
331 verbose readInstalled returning fresh@0.1.0
332 verbose readInstalled returning methods@0.0.1
333 verbose readInstalled returning send@0.1.0
334 verbose readInstalled returning cookie-signature@1.0.1
335 verbose readInstalled returning debug@0.7.2
336 verbose readInstalled returning qs@0.6.1
337 verbose readInstalled returning mime@1.2.6
338 verbose readInstalled returning bson@0.1.9
339 verbose readInstalled returning kerberos@0.0.3
340 verbose readInstalled returning commander@1.1.1
341 verbose readInstalled returning mkdirp@0.3.5
342 verbose readInstalled returning transformers@2.0.1
343 verbose readInstalled returning character-parser@1.0.1
344 verbose readInstalled returning monocle@0.1.47
345 verbose readInstalled returning keypress@0.1.0
346 verbose readInstalled returning promise@2.0.0
347 verbose readInstalled returning css@1.0.8
348 verbose readInstalled returning uglify-js@2.2.5
349 verbose readInstalled returning is-promise@1.0.0
350 verbose readInstalled returning css-parse@1.0.4
351 verbose readInstalled returning css-stringify@1.0.5
352 verbose readInstalled returning source-map@0.1.22
353 verbose readInstalled returning optimist@0.3.7
354 verbose readInstalled returning amdefine@0.0.4
355 verbose readInstalled returning wordwrap@0.0.2
356 verbose readInstalled returning readdirp@0.2.4
357 verbose readInstalled returning minimatch@0.2.12
358 verbose readInstalled returning lru-cache@2.3.0
359 verbose readInstalled returning sigmund@1.0.0
360 verbose readInstalled returning cssom@0.2.5
361 verbose readInstalled returning mkdirp@0.3.5
362 verbose readInstalled returning debug@0.7.2
363 verbose readInstalled returning Jimbo@1.0.0
364 error Error: Problems were encountered
364 error Please correct and try again.
364 error missing: acron@*, required by Jimbo@1.0.0
364 error invalid: share@0.6.2 /Users/hat/Desktop/Jimbo/node_modules/share
364 error invalid: connect@2.7.7 /Users/hat/Desktop/Jimbo/node_modules/connect
364 error extraneous: acorn@0.3.1 /Users/hat/Desktop/Jimbo/node_modules/acorn
364 error extraneous: redis@0.8.3 /Users/hat/Desktop/Jimbo/node_modules/redis
364 error     at shrinkwrap_ (/usr/local/lib/node_modules/npm/lib/shrinkwrap.js:29:15)
364 error     at /usr/local/lib/node_modules/npm/lib/shrinkwrap.js:23:5
364 error     at /usr/local/lib/node_modules/npm/lib/ls.js:40:30
364 error     at /usr/local/lib/node_modules/npm/node_modules/read-installed/read-installed.js:118:5
364 error     at /usr/local/lib/node_modules/npm/node_modules/read-installed/read-installed.js:232:14
364 error     at cb (/usr/local/lib/node_modules/npm/node_modules/slide/lib/async-map.js:48:11)
364 error     at /usr/local/lib/node_modules/npm/node_modules/read-installed/read-installed.js:232:14
364 error     at cb (/usr/local/lib/node_modules/npm/node_modules/slide/lib/async-map.js:48:11)
364 error     at /usr/local/lib/node_modules/npm/node_modules/read-installed/read-installed.js:232:14
364 error     at cb (/usr/local/lib/node_modules/npm/node_modules/slide/lib/async-map.js:48:11)
365 error If you need help, you may report this log at:
365 error     <http://github.com/isaacs/npm/issues>
365 error or email it to:
365 error     <npm-@googlegroups.com>
366 error System Darwin 13.0.0
367 error command "node" "/usr/local/bin/npm" "shrinkwrap"
368 error cwd /Users/hat/Desktop/Jimbo
369 error node -v v0.10.12
370 error npm -v 1.2.32
371 verbose exit [ 1, true ]
